Unity Editor version:    2022.3.18f1 (d29bea25151d)
Branch:                  2022.3/release
Build type:              Release
Batch mode:              YES
macOS version:           Version 14.1.1 (Build 23B81)
Darwin version:          23.1.0
Architecture:            arm64
Running under Rosetta:   NO
Available memory:        16384 MB
Using pre-set license
Pro License: YES

COMMAND LINE ARGUMENTS:
/Users/starling/ZhiKangShi/2022.3.18f1/Unity.app/Contents/MacOS/Unity
-adb2
-batchMode
-noUpm
-name
AssetImportWorker0
-projectPath
/Users/starling/ZhiKangShi/VRcreating
-logFile
Logs/AssetImportWorker0.log
-srvPort
64578
Successfully changed project path to: /Users/starling/ZhiKangShi/VRcreating
/Users/starling/ZhiKangShi/VRcreating
[UnityMemory] Configuration Parameters - Can be set up in boot.config
    "memorysetup-bucket-allocator-granularity=16"
    "memorysetup-bucket-allocator-bucket-count=8"
    "memorysetup-bucket-allocator-block-size=33554432"
    "memorysetup-bucket-allocator-block-count=8"
    "memorysetup-main-allocator-block-size=16777216"
    "memorysetup-thread-allocator-block-size=16777216"
    "memorysetup-gfx-main-allocator-block-size=16777216"
    "memorysetup-gfx-thread-allocator-block-size=16777216"
    "memorysetup-cache-allocator-block-size=4194304"
    "memorysetup-typetree-allocator-block-size=2097152"
    "memorysetup-profiler-bucket-allocator-granularity=16"
    "memorysetup-profiler-bucket-allocator-bucket-count=8"
    "memorysetup-profiler-bucket-allocator-block-size=33554432"
    "memorysetup-profiler-bucket-allocator-block-count=8"
    "memorysetup-profiler-allocator-block-size=16777216"
    "memorysetup-profiler-editor-allocator-block-size=1048576"
    "memorysetup-temp-allocator-size-main=16777216"
    "memorysetup-job-temp-allocator-block-size=2097152"
    "memorysetup-job-temp-allocator-block-size-background=1048576"
    "memorysetup-job-temp-allocator-reduction-small-platforms=262144"
    "memorysetup-allocator-temp-initial-block-size-main=262144"
    "memorysetup-allocator-temp-initial-block-size-worker=262144"
    "memorysetup-temp-allocator-size-background-worker=32768"
    "memorysetup-temp-allocator-size-job-worker=262144"
    "memorysetup-temp-allocator-size-preload-manager=33554432"
    "memorysetup-temp-allocator-size-nav-mesh-worker=65536"
    "memorysetup-temp-allocator-size-audio-worker=65536"
    "memorysetup-temp-allocator-size-cloud-worker=32768"
    "memorysetup-temp-allocator-size-gi-baking-worker=262144"
    "memorysetup-temp-allocator-size-gfx=262144"
Player connection [8066539200] Host "[IP] 127.94.0.1 [Port] 0 [Flags] 2 [Guid] 2175365245 [EditorId] 2175365245 [Version] 1048832 [Id] OSXEditor(0,StarLingdeMacBook-Pro.local) [Debug] 1 [PackageName] OSXEditor [ProjectName] Editor" joined multi-casting on [225.0.0.222:54997]...

Player connection [8066539200] Host "[IP] 127.94.0.1 [Port] 0 [Flags] 2 [Guid] 2175365245 [EditorId] 2175365245 [Version] 1048832 [Id] OSXEditor(0,StarLingdeMacBook-Pro.local) [Debug] 1 [PackageName] OSXEditor [ProjectName] Editor" joined alternative multi-casting on [225.0.0.222:34997]...

[Physics::Module] Initialized MultithreadedJobDispatcher with 11 workers.
Refreshing native plugins compatible for Editor in 10.90 ms, found 5 plugins.
Preloading 1 native plugins for Editor in 5.93 ms.
Initialize engine version: 2022.3.18f1 (d29bea25151d)
[Subsystems] Discovering subsystems at path /Users/starling/ZhiKangShi/2022.3.18f1/Unity.app/Contents/Resources/UnitySubsystems
[Subsystems] Discovering subsystems at path /Users/starling/ZhiKangShi/VRcreating/Assets
GfxDevice: creating device client; threaded=0; jobified=0
 preferred device: Apple M2 Pro (high power)
Metal devices available: 1
0: Apple M2 Pro (high power)
Using device Apple M2 Pro (high power)
Initializing Metal device caps: Apple M2 Pro
Shader 'Oculus/OVRMRCameraFrameLit': fallback shader 'Alpha-Diffuse' not found
Initialize mono
Mono path[0] = '/Users/starling/ZhiKangShi/2022.3.18f1/Unity.app/Contents/Managed'
Mono path[1] = '/Users/starling/ZhiKangShi/2022.3.18f1/Unity.app/Contents/MonoBleedingEdge/lib/mono/unityjit-macos'
Mono config path = '/Users/starling/ZhiKangShi/2022.3.18f1/Unity.app/Contents/MonoBleedingEdge/etc'
Using monoOptions --debugger-agent=transport=dt_socket,embedding=1,server=y,suspend=n,address=127.0.0.1:56182
Begin MonoManager ReloadAssembly
Registering precompiled unity dll's ...
Register platform support module: /Users/starling/ZhiKangShi/2022.3.18f1/PlaybackEngines/WebGLSupport/UnityEditor.WebGL.Extensions.dll
Register platform support module: /Users/starling/ZhiKangShi/2022.3.18f1/Unity.app/Contents/PlaybackEngines/MacStandaloneSupport/UnityEditor.OSXStandalone.Extensions.dll
Register platform support module: /Users/starling/ZhiKangShi/2022.3.18f1/PlaybackEngines/AndroidPlayer/UnityEditor.Android.Extensions.dll
Registered in 0.003859 seconds.
- Loaded All Assemblies, in  0.246 seconds
Native extension for Android target not found
Android Extension - Scanning For ADB Devices 209 ms
Native extension for OSXStandalone target not found
Native extension for WebGL target not found
Mono: successfully reloaded assembly
- Finished resetting the current domain, in  0.394 seconds
Domain Reload Profiling: 640ms
	BeginReloadAssembly (73ms)
		ExecutionOrderSort (0ms)
		DisableScriptedObjects (0ms)
		BackupInstance (0ms)
		ReleaseScriptingObjects (0ms)
		CreateAndSetChildDomain (1ms)
	RebuildCommonClasses (24ms)
	RebuildNativeTypeToScriptingClass (7ms)
	initialDomainReloadingComplete (34ms)
	LoadAllAssembliesAndSetupDomain (107ms)
		LoadAssemblies (74ms)
		RebuildTransferFunctionScriptingTraits (0ms)
		AnalyzeDomain (103ms)
			TypeCache.Refresh (102ms)
				TypeCache.ScanAssembly (90ms)
			ScanForSourceGeneratedMonoScriptInfo (0ms)
			ResolveRequiredComponents (0ms)
	FinalizeReload (394ms)
		ReleaseScriptCaches (0ms)
		RebuildScriptCaches (0ms)
		SetupLoadedEditorAssemblies (361ms)
			LogAssemblyErrors (0ms)
			InitializePlatformSupportModulesInManaged (275ms)
			SetLoadedEditorAssemblies (3ms)
			RefreshPlugins (0ms)
			BeforeProcessingInitializeOnLoad (1ms)
			ProcessInitializeOnLoadAttributes (58ms)
			ProcessInitializeOnLoadMethodAttributes (24ms)
			AfterProcessingInitializeOnLoad (0ms)
			EditorAssembliesLoaded (0ms)
		ExecutionOrderSort2 (0ms)
		AwakeInstancesAfterBackupRestoration (0ms)
========================================================================
Worker process is ready to serve import requests
Begin MonoManager ReloadAssembly
- Loaded All Assemblies, in  0.515 seconds
Refreshing native plugins compatible for Editor in 1.66 ms, found 5 plugins.
Native extension for Android target not found
Native extension for OSXStandalone target not found
Native extension for WebGL target not found
Package Manager log level set to [2]
[Package Manager] Server::EnsureServerProcessIsRunning -- launch failed, reason: Unity was launched with the -noUpm command-line argument
[Package Manager] UpmClient::Send -- Unable to send message (not connected to UPM process).
[Package Manager] Cannot connect to Unity Package Manager local server
Mono: successfully reloaded assembly
- Finished resetting the current domain, in  0.385 seconds
Domain Reload Profiling: 900ms
	BeginReloadAssembly (85ms)
		ExecutionOrderSort (0ms)
		DisableScriptedObjects (3ms)
		BackupInstance (0ms)
		ReleaseScriptingObjects (0ms)
		CreateAndSetChildDomain (19ms)
	RebuildCommonClasses (21ms)
	RebuildNativeTypeToScriptingClass (9ms)
	initialDomainReloadingComplete (20ms)
	LoadAllAssembliesAndSetupDomain (382ms)
		LoadAssemblies (270ms)
		RebuildTransferFunctionScriptingTraits (0ms)
		AnalyzeDomain (152ms)
			TypeCache.Refresh (132ms)
				TypeCache.ScanAssembly (116ms)
			ScanForSourceGeneratedMonoScriptInfo (12ms)
			ResolveRequiredComponents (8ms)
	FinalizeReload (385ms)
		ReleaseScriptCaches (0ms)
		RebuildScriptCaches (0ms)
		SetupLoadedEditorAssemblies (278ms)
			LogAssemblyErrors (0ms)
			InitializePlatformSupportModulesInManaged (11ms)
			SetLoadedEditorAssemblies (3ms)
			RefreshPlugins (0ms)
			BeforeProcessingInitializeOnLoad (39ms)
			ProcessInitializeOnLoadAttributes (213ms)
			ProcessInitializeOnLoadMethodAttributes (12ms)
			AfterProcessingInitializeOnLoad (1ms)
			EditorAssembliesLoaded (0ms)
		ExecutionOrderSort2 (0ms)
		AwakeInstancesAfterBackupRestoration (2ms)
Shader 'Oculus/OVRMRCameraFrameLit': fallback shader 'Alpha-Diffuse' not found
Launching external process: /Users/starling/ZhiKangShi/2022.3.18f1/Unity.app/Contents/Tools/UnityShaderCompiler
Launched and connected shader compiler UnityShaderCompiler after 0.07 seconds
Refreshing native plugins compatible for Editor in 2.16 ms, found 5 plugins.
Preloading 1 native plugins for Editor in 0.40 ms.
Unloading 4866 Unused Serialized files (Serialized files now loaded: 0)
Unloading 68 unused Assets / (247.1 KB). Loaded Objects now: 5304.
Memory consumption went from 198.4 MB to 198.1 MB.
Total: 2.784375 ms (FindLiveObjects: 0.141958 ms CreateObjectMapping: 0.079417 ms MarkObjects: 2.385166 ms  DeleteObjects: 0.177459 ms)

AssetImportParameters requested are different than current active one (requested -> active):
  custom:container-demuxer-ogg: 62fdf1f143b41e24485cea50d1cbac27 -> 
  custom:video-decoder-ogg-theora: a1e56fd34408186e4bbccfd4996cb3dc -> 
  custom:CustomObjectIndexerAttribute: 6d391050e5a25f67b0a2c618074f2cd9 -> 
  custom:container-demuxer-webm: 4f35f7cbe854078d1ac9338744f61a02 -> 
  custom:container-muxer-webm: aa71ff27fc2769a1b78a27578f13a17b -> 
  custom:video-decoder-webm-vp8: 9c59270c3fd7afecdb556c50c9e8de78 -> 
  custom:SearchIndexIgnoredProperties: e643bd26f0fe6173181afceb89e7c659 -> 
  custom:AudioImporter_EditorPlatform: 3918e3fc78b5a79bad01e8451be0beb8 -> 
  custom:framework-osx-AVFoundation: e770b220cccbd017edd2c1fefb359320 -> 
  custom:video-encoder-webm-vp8: eb34c28f22e8b96e1ab97ce403110664 -> 
  custom:audio-decoder-ogg-vorbis: bf7c407c2cedff20999df2af8eb42d56 -> 
  custom:audio-encoder-webm-vorbis: bf7c407c2cedff20999df2af8eb42d56 -> 
========================================================================
Received Import Request.
  Time since last request: 394251.515727 seconds.
  path: Assets/Scripts
  artifactKey: Guid(18c27abfc043447c9be8bab0157ef8dc) Importer(815301076,1909f56bfc062723c751e8b465ee728b)
Start importing Assets/Scripts using Guid(18c27abfc043447c9be8bab0157ef8dc) Importer(815301076,1909f56bfc062723c751e8b465ee728b)  -> (artifact id: 'e16cc37ec7089a0c0c802d530ee16be5') in 0.001114 seconds
Number of updated asset objects reloaded before import = 0
Number of asset objects unloaded after import = 0
========================================================================
Received Import Request.
  Time since last request: 1274.142178 seconds.
  path: Assets/Scripts/RoomGenerator.cs
  artifactKey: Guid(ccc2a43d721df4f9e844ba96ef5ec783) Importer(815301076,1909f56bfc062723c751e8b465ee728b)
Start importing Assets/Scripts/RoomGenerator.cs using Guid(ccc2a43d721df4f9e844ba96ef5ec783) Importer(815301076,1909f56bfc062723c751e8b465ee728b)  -> (artifact id: '8dbfada0f86e36a6a52ad5c2be35a8a3') in 0.001447 seconds
Number of updated asset objects reloaded before import = 0
Number of asset objects unloaded after import = 0
========================================================================
Received Import Request.
  Time since last request: 206.261701 seconds.
  path: Assets/Scripts/RoomGenerator.cs
  artifactKey: Guid(ccc2a43d721df4f9e844ba96ef5ec783) Importer(815301076,1909f56bfc062723c751e8b465ee728b)
Start importing Assets/Scripts/RoomGenerator.cs using Guid(ccc2a43d721df4f9e844ba96ef5ec783) Importer(815301076,1909f56bfc062723c751e8b465ee728b)  -> (artifact id: '79acb2dabf2a6b5d161995a66e19d930') in 0.007837 seconds
Number of updated asset objects reloaded before import = 0
Number of asset objects unloaded after import = 0
========================================================================
Received Import Request.
  Time since last request: 1186.488915 seconds.
  path: Assets/Scripts/RoomGenerator.cs
  artifactKey: Guid(ccc2a43d721df4f9e844ba96ef5ec783) Importer(815301076,1909f56bfc062723c751e8b465ee728b)
Start importing Assets/Scripts/RoomGenerator.cs using Guid(ccc2a43d721df4f9e844ba96ef5ec783) Importer(815301076,1909f56bfc062723c751e8b465ee728b)  -> (artifact id: '28fc020a539a6ad7a3b60e96a42e1fcc') in 0.006240 seconds
Number of updated asset objects reloaded before import = 0
Number of asset objects unloaded after import = 0
========================================================================
Received Prepare
Begin MonoManager ReloadAssembly
Thread 0x29b547000 may have been prematurely finalized
- Loaded All Assemblies, in  0.351 seconds
Refreshing native plugins compatible for Editor in 1.22 ms, found 5 plugins.
Native extension for Android target not found
Native extension for OSXStandalone target not found
Native extension for WebGL target not found
[Package Manager] Server::EnsureServerProcessIsRunning -- launch failed, reason: Unity was launched with the -noUpm command-line argument
[Package Manager] UpmClient::Send -- Unable to send message (not connected to UPM process).
[Package Manager] Cannot connect to Unity Package Manager local server
Mono: successfully reloaded assembly
- Finished resetting the current domain, in  0.768 seconds
Domain Reload Profiling: 1118ms
	BeginReloadAssembly (101ms)
		ExecutionOrderSort (0ms)
		DisableScriptedObjects (3ms)
		BackupInstance (0ms)
		ReleaseScriptingObjects (0ms)
		CreateAndSetChildDomain (37ms)
	RebuildCommonClasses (21ms)
	RebuildNativeTypeToScriptingClass (7ms)
	initialDomainReloadingComplete (13ms)
	LoadAllAssembliesAndSetupDomain (207ms)
		LoadAssemblies (202ms)
		RebuildTransferFunctionScriptingTraits (0ms)
		AnalyzeDomain (40ms)
			TypeCache.Refresh (23ms)
				TypeCache.ScanAssembly (2ms)
			ScanForSourceGeneratedMonoScriptInfo (8ms)
			ResolveRequiredComponents (9ms)
	FinalizeReload (768ms)
		ReleaseScriptCaches (0ms)
		RebuildScriptCaches (0ms)
		SetupLoadedEditorAssemblies (231ms)
			LogAssemblyErrors (0ms)
			InitializePlatformSupportModulesInManaged (18ms)
			SetLoadedEditorAssemblies (4ms)
			RefreshPlugins (0ms)
			BeforeProcessingInitializeOnLoad (43ms)
			ProcessInitializeOnLoadAttributes (157ms)
			ProcessInitializeOnLoadMethodAttributes (10ms)
			AfterProcessingInitializeOnLoad (0ms)
			EditorAssembliesLoaded (0ms)
		ExecutionOrderSort2 (0ms)
		AwakeInstancesAfterBackupRestoration (2ms)
Shader 'Oculus/OVRMRCameraFrameLit': fallback shader 'Alpha-Diffuse' not found
Refreshing native plugins compatible for Editor in 2.70 ms, found 5 plugins.
Preloading 1 native plugins for Editor in 0.38 ms.
Unloading 4776 Unused Serialized files (Serialized files now loaded: 0)
Unloading 54 unused Assets / (225.1 KB). Loaded Objects now: 5308.
Memory consumption went from 180.1 MB to 179.9 MB.
Total: 2.648541 ms (FindLiveObjects: 0.158625 ms CreateObjectMapping: 0.085084 ms MarkObjects: 2.267916 ms  DeleteObjects: 0.136459 ms)

Prepare: number of updated asset objects reloaded= 0
AssetImportParameters requested are different than current active one (requested -> active):
  custom:container-demuxer-ogg: 62fdf1f143b41e24485cea50d1cbac27 -> 
  custom:video-decoder-ogg-theora: a1e56fd34408186e4bbccfd4996cb3dc -> 
  custom:CustomObjectIndexerAttribute: 6d391050e5a25f67b0a2c618074f2cd9 -> 
  custom:container-demuxer-webm: 4f35f7cbe854078d1ac9338744f61a02 -> 
  custom:container-muxer-webm: aa71ff27fc2769a1b78a27578f13a17b -> 
  custom:video-decoder-webm-vp8: 9c59270c3fd7afecdb556c50c9e8de78 -> 
  custom:SearchIndexIgnoredProperties: e643bd26f0fe6173181afceb89e7c659 -> 
  custom:AudioImporter_EditorPlatform: 3918e3fc78b5a79bad01e8451be0beb8 -> 
  custom:framework-osx-AVFoundation: e770b220cccbd017edd2c1fefb359320 -> 
  custom:video-encoder-webm-vp8: eb34c28f22e8b96e1ab97ce403110664 -> 
  custom:audio-decoder-ogg-vorbis: bf7c407c2cedff20999df2af8eb42d56 -> 
  custom:audio-encoder-webm-vorbis: bf7c407c2cedff20999df2af8eb42d56 -> 
========================================================================
Received Import Request.
  Time since last request: 54.349905 seconds.
  path: Assets/Scripts/RoomGenerator.cs
  artifactKey: Guid(ccc2a43d721df4f9e844ba96ef5ec783) Importer(815301076,1909f56bfc062723c751e8b465ee728b)
Start importing Assets/Scripts/RoomGenerator.cs using Guid(ccc2a43d721df4f9e844ba96ef5ec783) Importer(815301076,1909f56bfc062723c751e8b465ee728b)  -> (artifact id: '60377a2e76d10d9ac70f2a0381ce7af4') in 0.000902 seconds
Number of updated asset objects reloaded before import = 0
Number of asset objects unloaded after import = 0
========================================================================
Received Prepare
Begin MonoManager ReloadAssembly
Thread 0x17f647000 may have been prematurely finalized
- Loaded All Assemblies, in  0.341 seconds
Refreshing native plugins compatible for Editor in 1.39 ms, found 5 plugins.
Native extension for Android target not found
Native extension for OSXStandalone target not found
Native extension for WebGL target not found
[Package Manager] Server::EnsureServerProcessIsRunning -- launch failed, reason: Unity was launched with the -noUpm command-line argument
[Package Manager] UpmClient::Send -- Unable to send message (not connected to UPM process).
[Package Manager] Cannot connect to Unity Package Manager local server
Mono: successfully reloaded assembly
- Finished resetting the current domain, in  0.799 seconds
Domain Reload Profiling: 1140ms
	BeginReloadAssembly (101ms)
		ExecutionOrderSort (0ms)
		DisableScriptedObjects (3ms)
		BackupInstance (0ms)
		ReleaseScriptingObjects (0ms)
		CreateAndSetChildDomain (41ms)
	RebuildCommonClasses (20ms)
	RebuildNativeTypeToScriptingClass (7ms)
	initialDomainReloadingComplete (13ms)
	LoadAllAssembliesAndSetupDomain (200ms)
		LoadAssemblies (204ms)
		RebuildTransferFunctionScriptingTraits (0ms)
		AnalyzeDomain (30ms)
			TypeCache.Refresh (17ms)
				TypeCache.ScanAssembly (0ms)
			ScanForSourceGeneratedMonoScriptInfo (0ms)
			ResolveRequiredComponents (12ms)
	FinalizeReload (799ms)
		ReleaseScriptCaches (0ms)
		RebuildScriptCaches (0ms)
		SetupLoadedEditorAssemblies (241ms)
			LogAssemblyErrors (0ms)
			InitializePlatformSupportModulesInManaged (14ms)
			SetLoadedEditorAssemblies (4ms)
			RefreshPlugins (0ms)
			BeforeProcessingInitializeOnLoad (44ms)
			ProcessInitializeOnLoadAttributes (167ms)
			ProcessInitializeOnLoadMethodAttributes (12ms)
			AfterProcessingInitializeOnLoad (1ms)
			EditorAssembliesLoaded (0ms)
		ExecutionOrderSort2 (0ms)
		AwakeInstancesAfterBackupRestoration (2ms)
Shader 'Oculus/OVRMRCameraFrameLit': fallback shader 'Alpha-Diffuse' not found
Refreshing native plugins compatible for Editor in 2.34 ms, found 5 plugins.
Preloading 1 native plugins for Editor in 0.48 ms.
Unloading 4776 Unused Serialized files (Serialized files now loaded: 0)
Unloading 54 unused Assets / (225.1 KB). Loaded Objects now: 5311.
Memory consumption went from 186.9 MB to 186.7 MB.
Total: 2.936208 ms (FindLiveObjects: 0.143917 ms CreateObjectMapping: 0.077333 ms MarkObjects: 2.547584 ms  DeleteObjects: 0.166875 ms)

Prepare: number of updated asset objects reloaded= 0
AssetImportParameters requested are different than current active one (requested -> active):
  custom:container-demuxer-ogg: 62fdf1f143b41e24485cea50d1cbac27 -> 
  custom:video-decoder-ogg-theora: a1e56fd34408186e4bbccfd4996cb3dc -> 
  custom:CustomObjectIndexerAttribute: 6d391050e5a25f67b0a2c618074f2cd9 -> 
  custom:container-demuxer-webm: 4f35f7cbe854078d1ac9338744f61a02 -> 
  custom:container-muxer-webm: aa71ff27fc2769a1b78a27578f13a17b -> 
  custom:video-decoder-webm-vp8: 9c59270c3fd7afecdb556c50c9e8de78 -> 
  custom:SearchIndexIgnoredProperties: e643bd26f0fe6173181afceb89e7c659 -> 
  custom:AudioImporter_EditorPlatform: 3918e3fc78b5a79bad01e8451be0beb8 -> 
  custom:framework-osx-AVFoundation: e770b220cccbd017edd2c1fefb359320 -> 
  custom:video-encoder-webm-vp8: eb34c28f22e8b96e1ab97ce403110664 -> 
  custom:audio-decoder-ogg-vorbis: bf7c407c2cedff20999df2af8eb42d56 -> 
  custom:audio-encoder-webm-vorbis: bf7c407c2cedff20999df2af8eb42d56 -> 
========================================================================
Received Import Request.
  Time since last request: 217.820679 seconds.
  path: Assets/Model/wood_floor.fbx
  artifactKey: Guid(7668dcbafaf2b42af9911790e0c150de) Importer(815301076,1909f56bfc062723c751e8b465ee728b)
Start importing Assets/Model/wood_floor.fbx using Guid(7668dcbafaf2b42af9911790e0c150de) Importer(815301076,1909f56bfc062723c751e8b465ee728b)  -> (artifact id: '0393c58c4103d091cfe7dbffbb5aa9d5') in 0.412538 seconds
Number of updated asset objects reloaded before import = 0
Number of asset objects unloaded after import = 8
========================================================================
Received Prepare
Begin MonoManager ReloadAssembly
Thread 0x17f647000 may have been prematurely finalized
- Loaded All Assemblies, in  0.323 seconds
Refreshing native plugins compatible for Editor in 1.67 ms, found 5 plugins.
Native extension for Android target not found
Native extension for OSXStandalone target not found
Native extension for WebGL target not found
[Package Manager] Server::EnsureServerProcessIsRunning -- launch failed, reason: Unity was launched with the -noUpm command-line argument
[Package Manager] UpmClient::Send -- Unable to send message (not connected to UPM process).
[Package Manager] Cannot connect to Unity Package Manager local server
Mono: successfully reloaded assembly
- Finished resetting the current domain, in  0.769 seconds
Domain Reload Profiling: 1092ms
	BeginReloadAssembly (95ms)
		ExecutionOrderSort (0ms)
		DisableScriptedObjects (2ms)
		BackupInstance (0ms)
		ReleaseScriptingObjects (0ms)
		CreateAndSetChildDomain (39ms)
	RebuildCommonClasses (20ms)
	RebuildNativeTypeToScriptingClass (8ms)
	initialDomainReloadingComplete (15ms)
	LoadAllAssembliesAndSetupDomain (184ms)
		LoadAssemblies (191ms)
		RebuildTransferFunctionScriptingTraits (0ms)
		AnalyzeDomain (25ms)
			TypeCache.Refresh (13ms)
				TypeCache.ScanAssembly (0ms)
			ScanForSourceGeneratedMonoScriptInfo (0ms)
			ResolveRequiredComponents (11ms)
	FinalizeReload (769ms)
		ReleaseScriptCaches (0ms)
		RebuildScriptCaches (0ms)
		SetupLoadedEditorAssemblies (222ms)
			LogAssemblyErrors (0ms)
			InitializePlatformSupportModulesInManaged (13ms)
			SetLoadedEditorAssemblies (4ms)
			RefreshPlugins (0ms)
			BeforeProcessingInitializeOnLoad (42ms)
			ProcessInitializeOnLoadAttributes (152ms)
			ProcessInitializeOnLoadMethodAttributes (10ms)
			AfterProcessingInitializeOnLoad (1ms)
			EditorAssembliesLoaded (0ms)
		ExecutionOrderSort2 (0ms)
		AwakeInstancesAfterBackupRestoration (2ms)
Shader 'Oculus/OVRMRCameraFrameLit': fallback shader 'Alpha-Diffuse' not found
Refreshing native plugins compatible for Editor in 2.56 ms, found 5 plugins.
Preloading 1 native plugins for Editor in 0.41 ms.
Unloading 4776 Unused Serialized files (Serialized files now loaded: 0)
Unloading 54 unused Assets / (224.9 KB). Loaded Objects now: 5357.
Memory consumption went from 195.1 MB to 194.9 MB.
Total: 2.928417 ms (FindLiveObjects: 0.181417 ms CreateObjectMapping: 0.079500 ms MarkObjects: 2.511416 ms  DeleteObjects: 0.155667 ms)

Prepare: number of updated asset objects reloaded= 0
AssetImportParameters requested are different than current active one (requested -> active):
  custom:container-demuxer-ogg: 62fdf1f143b41e24485cea50d1cbac27 -> 
  custom:video-decoder-ogg-theora: a1e56fd34408186e4bbccfd4996cb3dc -> 
  custom:CustomObjectIndexerAttribute: 6d391050e5a25f67b0a2c618074f2cd9 -> 
  custom:container-demuxer-webm: 4f35f7cbe854078d1ac9338744f61a02 -> 
  custom:container-muxer-webm: aa71ff27fc2769a1b78a27578f13a17b -> 
  custom:video-decoder-webm-vp8: 9c59270c3fd7afecdb556c50c9e8de78 -> 
  custom:SearchIndexIgnoredProperties: e643bd26f0fe6173181afceb89e7c659 -> 
  custom:AudioImporter_EditorPlatform: 3918e3fc78b5a79bad01e8451be0beb8 -> 
  custom:framework-osx-AVFoundation: e770b220cccbd017edd2c1fefb359320 -> 
  custom:video-encoder-webm-vp8: eb34c28f22e8b96e1ab97ce403110664 -> 
  custom:audio-decoder-ogg-vorbis: bf7c407c2cedff20999df2af8eb42d56 -> 
  custom:audio-encoder-webm-vorbis: bf7c407c2cedff20999df2af8eb42d56 -> 
========================================================================
Received Import Request.
  Time since last request: 39.645632 seconds.
  path: Assets/Oculus
  artifactKey: Guid(1f5abd983dcdad343b02d777d98b2a49) Importer(815301076,1909f56bfc062723c751e8b465ee728b)
Start importing Assets/Oculus using Guid(1f5abd983dcdad343b02d777d98b2a49) Importer(815301076,1909f56bfc062723c751e8b465ee728b)  -> (artifact id: '2f3fb5c5ba5d3e310867be9c42bba7b4') in 0.001146 seconds
Number of updated asset objects reloaded before import = 0
Number of asset objects unloaded after import = 0
========================================================================
Received Import Request.
  Time since last request: 117.629343 seconds.
  path: Assets/Oculus/SampleFramework/Usage/SceneManager/Prefabs/FurniturePrefabs/WindowPrefab.prefab
  artifactKey: Guid(ea9dc18d693f4bc4180075631acbcf0e) Importer(815301076,1909f56bfc062723c751e8b465ee728b)
Start importing Assets/Oculus/SampleFramework/Usage/SceneManager/Prefabs/FurniturePrefabs/WindowPrefab.prefab using Guid(ea9dc18d693f4bc4180075631acbcf0e) Importer(815301076,1909f56bfc062723c751e8b465ee728b)  -> (artifact id: 'c4c6594a5ce0bf5501fad968028ae0c9') in 0.638893 seconds
Number of updated asset objects reloaded before import = 0
Number of asset objects unloaded after import = 13
========================================================================
Received Import Request.
  Time since last request: 3.414800 seconds.
  path: Assets/Oculus/SampleFramework/Usage/HandsTrainExample/Prefabs/Windmill.prefab
  artifactKey: Guid(ea9f4525e71d0c44cb8b637506316a47) Importer(815301076,1909f56bfc062723c751e8b465ee728b)
Start importing Assets/Oculus/SampleFramework/Usage/HandsTrainExample/Prefabs/Windmill.prefab using Guid(ea9f4525e71d0c44cb8b637506316a47) Importer(815301076,1909f56bfc062723c751e8b465ee728b)  -> (artifact id: '8e92ac7f9fb845e10f9ac33d4ccb9641') in 0.153744 seconds
Number of updated asset objects reloaded before import = 0
Number of asset objects unloaded after import = 54
========================================================================
Received Import Request.
  Time since last request: 0.021170 seconds.
  path: Assets/Oculus/SampleFramework/Usage/Locomotion/Models/WedgeFloor_07.fbx
  artifactKey: Guid(00f1dcd1f78b54882b39391706592dff) Importer(815301076,1909f56bfc062723c751e8b465ee728b)
Start importing Assets/Oculus/SampleFramework/Usage/Locomotion/Models/WedgeFloor_07.fbx using Guid(00f1dcd1f78b54882b39391706592dff) Importer(815301076,1909f56bfc062723c751e8b465ee728b)  -> (artifact id: 'f31f7e670166667cd832933d57702177') in 0.029425 seconds
Number of updated asset objects reloaded before import = 0
Number of asset objects unloaded after import = 9
========================================================================
Received Import Request.
  Time since last request: 0.961844 seconds.
  path: Assets/Oculus/SampleFramework/Usage/Locomotion/Models/WedgeFloor_05.fbx
  artifactKey: Guid(f9c914816e5534c829508b3f78a4e547) Importer(815301076,1909f56bfc062723c751e8b465ee728b)
Start importing Assets/Oculus/SampleFramework/Usage/Locomotion/Models/WedgeFloor_05.fbx using Guid(f9c914816e5534c829508b3f78a4e547) Importer(815301076,1909f56bfc062723c751e8b465ee728b)  -> (artifact id: 'dff40de260a6779caaaba7d7207747c9') in 0.008285 seconds
Number of updated asset objects reloaded before import = 0
Number of asset objects unloaded after import = 9
========================================================================
Received Import Request.
  Time since last request: 0.030677 seconds.
  path: Assets/Oculus/SampleFramework/Usage/Locomotion/Models/WedgeFloor_03.fbx
  artifactKey: Guid(8823ae067ac574ccfab0170ff515df31) Importer(815301076,1909f56bfc062723c751e8b465ee728b)
Start importing Assets/Oculus/SampleFramework/Usage/Locomotion/Models/WedgeFloor_03.fbx using Guid(8823ae067ac574ccfab0170ff515df31) Importer(815301076,1909f56bfc062723c751e8b465ee728b)  -> (artifact id: '264d5aeac585b3d15ac5e1ef9e1ffb1e') in 0.009119 seconds
Number of updated asset objects reloaded before import = 0
Number of asset objects unloaded after import = 9
========================================================================
Received Import Request.
  Time since last request: 0.155844 seconds.
  path: Assets/Oculus/SampleFramework/Usage/Locomotion/Models/WedgeFloor_01.fbx
  artifactKey: Guid(21910c3378b59465aae1effa11412932) Importer(815301076,1909f56bfc062723c751e8b465ee728b)
Start importing Assets/Oculus/SampleFramework/Usage/Locomotion/Models/WedgeFloor_01.fbx using Guid(21910c3378b59465aae1effa11412932) Importer(815301076,1909f56bfc062723c751e8b465ee728b)  -> (artifact id: 'f17f27229c75f2f3470d753c2bbd9671') in 0.008522 seconds
Number of updated asset objects reloaded before import = 0
Number of asset objects unloaded after import = 9
========================================================================
Received Import Request.
  Time since last request: 0.316224 seconds.
  path: Assets/Oculus/SampleFramework/Usage/Locomotion/Models/WedgeCeiling_20.fbx
  artifactKey: Guid(566b4e51210294135802fb595f6d0699) Importer(815301076,1909f56bfc062723c751e8b465ee728b)
Start importing Assets/Oculus/SampleFramework/Usage/Locomotion/Models/WedgeCeiling_20.fbx using Guid(566b4e51210294135802fb595f6d0699) Importer(815301076,1909f56bfc062723c751e8b465ee728b)  -> (artifact id: '45c5ba83911c3521ce43802b28e2cdc7') in 0.009018 seconds
Number of updated asset objects reloaded before import = 0
Number of asset objects unloaded after import = 9
========================================================================
Received Import Request.
  Time since last request: 0.001347 seconds.
  path: Assets/Oculus/SampleFramework/Usage/Locomotion/Models/WedgeCeiling_05.fbx
  artifactKey: Guid(0db44a75a6ba3476584b15903acffef4) Importer(815301076,1909f56bfc062723c751e8b465ee728b)
Start importing Assets/Oculus/SampleFramework/Usage/Locomotion/Models/WedgeCeiling_05.fbx using Guid(0db44a75a6ba3476584b15903acffef4) Importer(815301076,1909f56bfc062723c751e8b465ee728b)  -> (artifact id: 'ae99de023d8c3199167376dde1c7b6e9') in 0.008595 seconds
Number of updated asset objects reloaded before import = 0
Number of asset objects unloaded after import = 9
========================================================================
Received Import Request.
  Time since last request: 0.003668 seconds.
  path: Assets/Oculus/SampleFramework/Usage/Locomotion/Models/WallsAndDoors1.fbx
  artifactKey: Guid(7f7518ef7c1664f7c8bfe2470aebce5c) Importer(815301076,1909f56bfc062723c751e8b465ee728b)
Start importing Assets/Oculus/SampleFramework/Usage/Locomotion/Models/WallsAndDoors1.fbx using Guid(7f7518ef7c1664f7c8bfe2470aebce5c) Importer(815301076,1909f56bfc062723c751e8b465ee728b)  -> (artifact id: '12eba8547af1c0004456c59b4e8b433b') in 0.448343 seconds
Number of updated asset objects reloaded before import = 0
Number of asset objects unloaded after import = 23
========================================================================
Received Import Request.
  Time since last request: 392.351940 seconds.
  path: Assets/Oculus/Interaction/Samples/Textures/Active.png
  artifactKey: Guid(dc71c444d9062474fb77b4171c1a4a03) Importer(815301076,1909f56bfc062723c751e8b465ee728b)
Start importing Assets/Oculus/Interaction/Samples/Textures/Active.png using Guid(dc71c444d9062474fb77b4171c1a4a03) Importer(815301076,1909f56bfc062723c751e8b465ee728b)  -> (artifact id: 'bfebef9d734ab2514ebcbee4397231fd') in 0.098297 seconds
Number of updated asset objects reloaded before import = 0
Number of asset objects unloaded after import = 3
========================================================================
Received Import Request.
  Time since last request: 1.202826 seconds.
  path: Assets/Oculus/VR/Editor/BuildingBlocks/Animations/bb_outline_05.png
  artifactKey: Guid(b62ea05aab642a84aa10dda65834bf55) Importer(815301076,1909f56bfc062723c751e8b465ee728b)
Start importing Assets/Oculus/VR/Editor/BuildingBlocks/Animations/bb_outline_05.png using Guid(b62ea05aab642a84aa10dda65834bf55) Importer(815301076,1909f56bfc062723c751e8b465ee728b)  -> (artifact id: '2f1bb5be0149a617afa53d217394bef3') in 0.005632 seconds
Number of updated asset objects reloaded before import = 0
Number of asset objects unloaded after import = 2
========================================================================
Received Import Request.
  Time since last request: 0.055480 seconds.
  path: Assets/Oculus/VR/Editor/BuildingBlocks/Animations/bb_outline_07.png
  artifactKey: Guid(a743f349118878d45b7b78c71abb2aa2) Importer(815301076,1909f56bfc062723c751e8b465ee728b)
Start importing Assets/Oculus/VR/Editor/BuildingBlocks/Animations/bb_outline_07.png using Guid(a743f349118878d45b7b78c71abb2aa2) Importer(815301076,1909f56bfc062723c751e8b465ee728b)  -> (artifact id: 'a25c33f6565f0be1839212a8efabf691') in 0.030435 seconds
Number of updated asset objects reloaded before import = 0
Number of asset objects unloaded after import = 2
========================================================================
Received Import Request.
  Time since last request: 0.000103 seconds.
  path: Assets/Oculus/Interaction/OVRIntegration/Editor/Blocks/InteractableItems/Textures/bb_thumb_grabbing.png
  artifactKey: Guid(776fcad9cd9881746a5d25ac6728e9f1) Importer(815301076,1909f56bfc062723c751e8b465ee728b)
Start importing Assets/Oculus/Interaction/OVRIntegration/Editor/Blocks/InteractableItems/Textures/bb_thumb_grabbing.png using Guid(776fcad9cd9881746a5d25ac6728e9f1) Importer(815301076,1909f56bfc062723c751e8b465ee728b)  -> (artifact id: 'b1ed4ce6773e13fa5e617aa1de1f6dd9') in 0.007978 seconds
Number of updated asset objects reloaded before import = 0
Number of asset objects unloaded after import = 2
========================================================================
Received Import Request.
  Time since last request: 0.000066 seconds.
  path: Assets/Oculus/VR/Editor/BuildingBlocks/Animations/bb_outline_08.png
  artifactKey: Guid(37b36a602d2bd604fb7a7ca6e7b4ff49) Importer(815301076,1909f56bfc062723c751e8b465ee728b)
Start importing Assets/Oculus/VR/Editor/BuildingBlocks/Animations/bb_outline_08.png using Guid(37b36a602d2bd604fb7a7ca6e7b4ff49) Importer(815301076,1909f56bfc062723c751e8b465ee728b)  -> (artifact id: '0b0121d6e0d568fc5a0568f7a0d63036') in 0.022809 seconds
Number of updated asset objects reloaded before import = 0
Number of asset objects unloaded after import = 2
========================================================================
Received Import Request.
  Time since last request: 0.000130 seconds.
  path: Assets/Oculus/VR/Editor/BuildingBlocks/BlockData/ControllerTracking/Textures/bb_thumb_controllertracking.png
  artifactKey: Guid(42076419df902cf4fb1f80c04a401aac) Importer(815301076,1909f56bfc062723c751e8b465ee728b)
Start importing Assets/Oculus/VR/Editor/BuildingBlocks/BlockData/ControllerTracking/Textures/bb_thumb_controllertracking.png using Guid(42076419df902cf4fb1f80c04a401aac) Importer(815301076,1909f56bfc062723c751e8b465ee728b)  -> (artifact id: '7735d5e2e34b4c65d4c5c11b9451c0b6') in 0.005375 seconds
Number of updated asset objects reloaded before import = 0
Number of asset objects unloaded after import = 2
========================================================================
Received Import Request.
  Time since last request: 1.051485 seconds.
  path: Assets/Oculus/VR/Editor/BuildingBlocks/Thumbnails/bb_thumb_internal.png
  artifactKey: Guid(8b24a4b06a166964c8b3e50922d9078a) Importer(815301076,1909f56bfc062723c751e8b465ee728b)
Start importing Assets/Oculus/VR/Editor/BuildingBlocks/Thumbnails/bb_thumb_internal.png using Guid(8b24a4b06a166964c8b3e50922d9078a) Importer(815301076,1909f56bfc062723c751e8b465ee728b)  -> (artifact id: '769b418e0f2046248ec9ae097935b030') in 0.006596 seconds
Number of updated asset objects reloaded before import = 0
Number of asset objects unloaded after import = 2
========================================================================
Received Import Request.
  Time since last request: 0.014835 seconds.
  path: Assets/Oculus/Interaction/OVRIntegration/Editor/Blocks/InteractableItems/Textures/bb_thumb_pointing.png
  artifactKey: Guid(a52e4695e8816e7469e599e85dfae681) Importer(815301076,1909f56bfc062723c751e8b465ee728b)
Start importing Assets/Oculus/Interaction/OVRIntegration/Editor/Blocks/InteractableItems/Textures/bb_thumb_pointing.png using Guid(a52e4695e8816e7469e599e85dfae681) Importer(815301076,1909f56bfc062723c751e8b465ee728b)  -> (artifact id: '6787e941372fb33090879ca8743b1813') in 0.004963 seconds
Number of updated asset objects reloaded before import = 0
Number of asset objects unloaded after import = 2
========================================================================
Received Import Request.
  Time since last request: 0.000089 seconds.
  path: Assets/Oculus/Interaction/OVRIntegration/Editor/Blocks/InteractableItems/Textures/bb_thumb_poking.png
  artifactKey: Guid(552e268e6438dd1498f5cd04fa8f27e7) Importer(815301076,1909f56bfc062723c751e8b465ee728b)
Start importing Assets/Oculus/Interaction/OVRIntegration/Editor/Blocks/InteractableItems/Textures/bb_thumb_poking.png using Guid(552e268e6438dd1498f5cd04fa8f27e7) Importer(815301076,1909f56bfc062723c751e8b465ee728b)  -> (artifact id: '2462abd39675bb8b78a670e9dec15b9a') in 0.004634 seconds
Number of updated asset objects reloaded before import = 0
Number of asset objects unloaded after import = 2
========================================================================
Received Import Request.
  Time since last request: 0.025892 seconds.
  path: Assets/Oculus/Interaction/OVRIntegration/Editor/Blocks/SyntheticHands/Textures/bb_thumb_synthetichands.png
  artifactKey: Guid(876b2885201ff5e46876cfe9ea588452) Importer(815301076,1909f56bfc062723c751e8b465ee728b)
Start importing Assets/Oculus/Interaction/OVRIntegration/Editor/Blocks/SyntheticHands/Textures/bb_thumb_synthetichands.png using Guid(876b2885201ff5e46876cfe9ea588452) Importer(815301076,1909f56bfc062723c751e8b465ee728b)  -> (artifact id: 'e1056c243a67eea62fec374c482101e3') in 0.005067 seconds
Number of updated asset objects reloaded before import = 0
Number of asset objects unloaded after import = 2
========================================================================
Received Import Request.
  Time since last request: 0.228848 seconds.
  path: Assets/Oculus/VR/Editor/BuildingBlocks/BlockData/VirtualKeyboard/Textures/bb_thumb_vk.png
  artifactKey: Guid(15e1416ddcf591f488b000099283e5b4) Importer(815301076,1909f56bfc062723c751e8b465ee728b)
Start importing Assets/Oculus/VR/Editor/BuildingBlocks/BlockData/VirtualKeyboard/Textures/bb_thumb_vk.png using Guid(15e1416ddcf591f488b000099283e5b4) Importer(815301076,1909f56bfc062723c751e8b465ee728b)  -> (artifact id: '1f6390e921a9fe1203c1c0458ac7cdc0') in 0.005323 seconds
Number of updated asset objects reloaded before import = 0
Number of asset objects unloaded after import = 2
========================================================================
Received Import Request.
  Time since last request: 0.020335 seconds.
  path: Assets/Oculus/VR/Textures/Black.png
  artifactKey: Guid(a025c23fceb7d4966b603419f551ce99) Importer(815301076,1909f56bfc062723c751e8b465ee728b)
Start importing Assets/Oculus/VR/Textures/Black.png using Guid(a025c23fceb7d4966b603419f551ce99) Importer(815301076,1909f56bfc062723c751e8b465ee728b)  -> (artifact id: 'fd6b77c6c4568462d31528b2047c4258') in 0.003691 seconds
Number of updated asset objects reloaded before import = 0
Number of asset objects unloaded after import = 2
========================================================================
Received Import Request.
  Time since last request: 0.003149 seconds.
  path: Assets/Oculus/SampleFramework/Usage/SharedAssets/Textures/block_wood_01_dif.png
  artifactKey: Guid(4281f5429a5bbd04da4ccfce25a814d3) Importer(815301076,1909f56bfc062723c751e8b465ee728b)
Start importing Assets/Oculus/SampleFramework/Usage/SharedAssets/Textures/block_wood_01_dif.png using Guid(4281f5429a5bbd04da4ccfce25a814d3) Importer(815301076,1909f56bfc062723c751e8b465ee728b)  -> (artifact id: '694e27195159c3d6610f296dffee7bac') in 0.004375 seconds
Number of updated asset objects reloaded before import = 0
Number of asset objects unloaded after import = 2
========================================================================
Received Import Request.
  Time since last request: 0.000109 seconds.
  path: Assets/Oculus/SampleFramework/Usage/SharedAssets/Textures/block_wood_01_msm.png
  artifactKey: Guid(a1ff16c8cf0dcb84fab5c183d0fd1dcf) Importer(815301076,1909f56bfc062723c751e8b465ee728b)
Start importing Assets/Oculus/SampleFramework/Usage/SharedAssets/Textures/block_wood_01_msm.png using Guid(a1ff16c8cf0dcb84fab5c183d0fd1dcf) Importer(815301076,1909f56bfc062723c751e8b465ee728b)  -> (artifact id: 'f5d89db3728ed17cb1ca43e0f81f0287') in 0.004341 seconds
Number of updated asset objects reloaded before import = 0
Number of asset objects unloaded after import = 2
========================================================================
Received Import Request.
  Time since last request: 0.000077 seconds.
  path: Assets/Oculus/SampleFramework/Usage/SharedAssets/Textures/block_wood_01_nml.png
  artifactKey: Guid(8ae0377f4bf34c04d803e6bbeb1c3077) Importer(815301076,1909f56bfc062723c751e8b465ee728b)
Start importing Assets/Oculus/SampleFramework/Usage/SharedAssets/Textures/block_wood_01_nml.png using Guid(8ae0377f4bf34c04d803e6bbeb1c3077) Importer(815301076,1909f56bfc062723c751e8b465ee728b)  -> (artifact id: '128824fa76c8eb49613855b6902119a9') in 0.179147 seconds
Number of updated asset objects reloaded before import = 0
Number of asset objects unloaded after import = 2
========================================================================
Received Import Request.
  Time since last request: 0.000039 seconds.
  path: Assets/Oculus/Interaction/Runtime/Textures/BlockedGradient.png
  artifactKey: Guid(a8ddce36d617998409e580c64361552f) Importer(815301076,1909f56bfc062723c751e8b465ee728b)
Start importing Assets/Oculus/Interaction/Runtime/Textures/BlockedGradient.png using Guid(a8ddce36d617998409e580c64361552f) Importer(815301076,1909f56bfc062723c751e8b465ee728b)  -> (artifact id: '34cc206f0baea8153e9787b635658369') in 0.005090 seconds
Number of updated asset objects reloaded before import = 0
Number of asset objects unloaded after import = 2
========================================================================
Received Import Request.
  Time since last request: 0.000069 seconds.
  path: Assets/Oculus/Interaction/Samples/Objects/Props/Torch/Particles/Textures/brazier_pool.tga
  artifactKey: Guid(3e29d3fb29ee7724ba12eb9829a4910f) Importer(815301076,1909f56bfc062723c751e8b465ee728b)
Start importing Assets/Oculus/Interaction/Samples/Objects/Props/Torch/Particles/Textures/brazier_pool.tga using Guid(3e29d3fb29ee7724ba12eb9829a4910f) Importer(815301076,1909f56bfc062723c751e8b465ee728b)  -> (artifact id: 'cc4c7a15bd0e5512c1650001e7b82054') in 0.002984 seconds
Number of updated asset objects reloaded before import = 0
Number of asset objects unloaded after import = 2
========================================================================
Received Import Request.
  Time since last request: 0.000082 seconds.
  path: Assets/Oculus/Voice/Documentation/Samples/BuiltInTimer/BuiltInTimer.jpg
  artifactKey: Guid(2a2ef91e171cab74e85d37b6b5487ad5) Importer(815301076,1909f56bfc062723c751e8b465ee728b)
Start importing Assets/Oculus/Voice/Documentation/Samples/BuiltInTimer/BuiltInTimer.jpg using Guid(2a2ef91e171cab74e85d37b6b5487ad5) Importer(815301076,1909f56bfc062723c751e8b465ee728b)  -> (artifact id: 'cb9e70e873c0b89f67cadd8efc0d12de') in 0.006854 seconds
Number of updated asset objects reloaded before import = 0
Number of asset objects unloaded after import = 3
========================================================================
Received Import Request.
  Time since last request: 0.000110 seconds.
  path: Assets/Oculus/Interaction/Samples/Objects/Props/Box/Textures/Box_AlbedoRoughness.png
  artifactKey: Guid(df03d2cdd7c41534fa95797c3b186ca8) Importer(815301076,1909f56bfc062723c751e8b465ee728b)
Start importing Assets/Oculus/Interaction/Samples/Objects/Props/Box/Textures/Box_AlbedoRoughness.png using Guid(df03d2cdd7c41534fa95797c3b186ca8) Importer(815301076,1909f56bfc062723c751e8b465ee728b)  -> (artifact id: '3d427ec913572e1802639f8dc2cceee2') in 0.004309 seconds
Number of updated asset objects reloaded before import = 0
Number of asset objects unloaded after import = 2
========================================================================
Received Import Request.
  Time since last request: 0.048860 seconds.
  path: Assets/Oculus/SampleFramework/Usage/HandsTrainExample/Textures/ControllerBoxTextures/ButtonGlow.jpg
  artifactKey: Guid(2c635ba82479d7a4b975a0a8bdf0a2df) Importer(815301076,1909f56bfc062723c751e8b465ee728b)
Start importing Assets/Oculus/SampleFramework/Usage/HandsTrainExample/Textures/ControllerBoxTextures/ButtonGlow.jpg using Guid(2c635ba82479d7a4b975a0a8bdf0a2df) Importer(815301076,1909f56bfc062723c751e8b465ee728b)  -> (artifact id: '356b7154775f61c359f85ac66feb33d6') in 0.004210 seconds
Number of updated asset objects reloaded before import = 0
Number of asset objects unloaded after import = 2
========================================================================
Received Import Request.
  Time since last request: 0.013573 seconds.
  path: Assets/Oculus/LipSync/Models/RobotHead_TextureFlip/CH.png
  artifactKey: Guid(5e6531e8f56b42547b8d2ddf7a7363d1) Importer(815301076,1909f56bfc062723c751e8b465ee728b)
Start importing Assets/Oculus/LipSync/Models/RobotHead_TextureFlip/CH.png using Guid(5e6531e8f56b42547b8d2ddf7a7363d1) Importer(815301076,1909f56bfc062723c751e8b465ee728b)  -> (artifact id: '15528145de09dc41e490c743bf8fa78b') in 0.003531 seconds
Number of updated asset objects reloaded before import = 0
Number of asset objects unloaded after import = 2
========================================================================
Received Import Request.
  Time since last request: 0.011562 seconds.
  path: Assets/Oculus/VR/Editor/BuildingBlocks/BlockData/RoomModel/Textures/Checker.png
  artifactKey: Guid(a691417de3d6c284497171b688bac703) Importer(815301076,1909f56bfc062723c751e8b465ee728b)
Start importing Assets/Oculus/VR/Editor/BuildingBlocks/BlockData/RoomModel/Textures/Checker.png using Guid(a691417de3d6c284497171b688bac703) Importer(815301076,1909f56bfc062723c751e8b465ee728b)  -> (artifact id: '3b03597632986997df21cd8d33b23701') in 0.004076 seconds
Number of updated asset objects reloaded before import = 0
Number of asset objects unloaded after import = 2
========================================================================
Received Import Request.
  Time since last request: 0.000056 seconds.
  path: Assets/Oculus/Voice/Documentation/Samples/Chess/Chess.jpg
  artifactKey: Guid(8d4779f100af3f5458fcd579406b3c9a) Importer(815301076,1909f56bfc062723c751e8b465ee728b)
Start importing Assets/Oculus/Voice/Documentation/Samples/Chess/Chess.jpg using Guid(8d4779f100af3f5458fcd579406b3c9a) Importer(815301076,1909f56bfc062723c751e8b465ee728b)  -> (artifact id: '6dc85fb5c2db12e4b0fac92e3de2f769') in 0.004643 seconds
Number of updated asset objects reloaded before import = 0
Number of asset objects unloaded after import = 2
========================================================================
Received Import Request.
  Time since last request: 0.011073 seconds.
  path: Assets/Oculus/Interaction/Samples/Objects/Props/CoffeeCup/CoffeeCup_Metal.png
  artifactKey: Guid(e2b846e7aa310ea4f97e3066f292b23f) Importer(815301076,1909f56bfc062723c751e8b465ee728b)
Start importing Assets/Oculus/Interaction/Samples/Objects/Props/CoffeeCup/CoffeeCup_Metal.png using Guid(e2b846e7aa310ea4f97e3066f292b23f) Importer(815301076,1909f56bfc062723c751e8b465ee728b)  -> (artifact id: 'c9fa13d3d1938bd96b8e5b696047acbc') in 0.004711 seconds
Number of updated asset objects reloaded before import = 0
Number of asset objects unloaded after import = 2
========================================================================
Received Import Request.
  Time since last request: 0.038824 seconds.
  path: Assets/Oculus/VR/Textures/color_ramp_timer.tga
  artifactKey: Guid(8929c8bc5148a624b8c9d6df0ee6f0ca) Importer(815301076,1909f56bfc062723c751e8b465ee728b)
Start importing Assets/Oculus/VR/Textures/color_ramp_timer.tga using Guid(8929c8bc5148a624b8c9d6df0ee6f0ca) Importer(815301076,1909f56bfc062723c751e8b465ee728b)  -> (artifact id: '872c4de116e3922948d2342b6b52f2fe') in 0.004600 seconds
Number of updated asset objects reloaded before import = 0
Number of asset objects unloaded after import = 2
========================================================================
Received Import Request.
  Time since last request: 0.000075 seconds.
  path: Assets/Oculus/Interaction/Samples/ThirdParty/Textures/ComprehensiveGrabMapTexture.png
  artifactKey: Guid(1b30196ca66ece04f80c3809a3133644) Importer(815301076,1909f56bfc062723c751e8b465ee728b)
Start importing Assets/Oculus/Interaction/Samples/ThirdParty/Textures/ComprehensiveGrabMapTexture.png using Guid(1b30196ca66ece04f80c3809a3133644) Importer(815301076,1909f56bfc062723c751e8b465ee728b)  -> (artifact id: 'f5f40ac3214f6a80e57a347bddc90778') in 0.008465 seconds
Number of updated asset objects reloaded before import = 0
Number of asset objects unloaded after import = 3
========================================================================
Received Prepare
Begin MonoManager ReloadAssembly
Thread 0x16c2ff000 may have been prematurely finalized
- Loaded All Assemblies, in  0.306 seconds
Refreshing native plugins compatible for Editor in 1.38 ms, found 5 plugins.
Native extension for Android target not found
Native extension for OSXStandalone target not found
Native extension for WebGL target not found
[Package Manager] Server::EnsureServerProcessIsRunning -- launch failed, reason: Unity was launched with the -noUpm command-line argument
[Package Manager] UpmClient::Send -- Unable to send message (not connected to UPM process).
[Package Manager] Cannot connect to Unity Package Manager local server
Mono: successfully reloaded assembly
- Finished resetting the current domain, in  0.734 seconds
Domain Reload Profiling: 1040ms
	BeginReloadAssembly (107ms)
		ExecutionOrderSort (0ms)
		DisableScriptedObjects (3ms)
		BackupInstance (0ms)
		ReleaseScriptingObjects (0ms)
		CreateAndSetChildDomain (49ms)
	RebuildCommonClasses (20ms)
	RebuildNativeTypeToScriptingClass (7ms)
	initialDomainReloadingComplete (15ms)
	LoadAllAssembliesAndSetupDomain (157ms)
		LoadAssemblies (171ms)
		RebuildTransferFunctionScriptingTraits (0ms)
		AnalyzeDomain (16ms)
			TypeCache.Refresh (6ms)
				TypeCache.ScanAssembly (0ms)
			ScanForSourceGeneratedMonoScriptInfo (0ms)
			ResolveRequiredComponents (10ms)
	FinalizeReload (734ms)
		ReleaseScriptCaches (0ms)
		RebuildScriptCaches (0ms)
		SetupLoadedEditorAssemblies (218ms)
			LogAssemblyErrors (0ms)
			InitializePlatformSupportModulesInManaged (13ms)
			SetLoadedEditorAssemblies (4ms)
			RefreshPlugins (0ms)
			BeforeProcessingInitializeOnLoad (41ms)
			ProcessInitializeOnLoadAttributes (150ms)
			ProcessInitializeOnLoadMethodAttributes (10ms)
			AfterProcessingInitializeOnLoad (1ms)
			EditorAssembliesLoaded (0ms)
		ExecutionOrderSort2 (0ms)
		AwakeInstancesAfterBackupRestoration (2ms)
Shader 'Oculus/OVRMRCameraFrameLit': fallback shader 'Alpha-Diffuse' not found
Refreshing native plugins compatible for Editor in 2.52 ms, found 5 plugins.
Preloading 1 native plugins for Editor in 0.44 ms.
Unloading 4776 Unused Serialized files (Serialized files now loaded: 0)
Unloading 54 unused Assets / (225.1 KB). Loaded Objects now: 5370.
Memory consumption went from 200.5 MB to 200.3 MB.
Total: 2.933916 ms (FindLiveObjects: 0.169708 ms CreateObjectMapping: 0.093875 ms MarkObjects: 2.493958 ms  DeleteObjects: 0.175833 ms)

Prepare: number of updated asset objects reloaded= 0
AssetImportParameters requested are different than current active one (requested -> active):
  custom:container-demuxer-ogg: 62fdf1f143b41e24485cea50d1cbac27 -> 
  custom:video-decoder-ogg-theora: a1e56fd34408186e4bbccfd4996cb3dc -> 
  custom:CustomObjectIndexerAttribute: 6d391050e5a25f67b0a2c618074f2cd9 -> 
  custom:container-demuxer-webm: 4f35f7cbe854078d1ac9338744f61a02 -> 
  custom:container-muxer-webm: aa71ff27fc2769a1b78a27578f13a17b -> 
  custom:video-decoder-webm-vp8: 9c59270c3fd7afecdb556c50c9e8de78 -> 
  custom:SearchIndexIgnoredProperties: e643bd26f0fe6173181afceb89e7c659 -> 
  custom:AudioImporter_EditorPlatform: 3918e3fc78b5a79bad01e8451be0beb8 -> 
  custom:framework-osx-AVFoundation: e770b220cccbd017edd2c1fefb359320 -> 
  custom:video-encoder-webm-vp8: eb34c28f22e8b96e1ab97ce403110664 -> 
  custom:audio-decoder-ogg-vorbis: bf7c407c2cedff20999df2af8eb42d56 -> 
  custom:audio-encoder-webm-vorbis: bf7c407c2cedff20999df2af8eb42d56 -> 
========================================================================
Received Prepare
Begin MonoManager ReloadAssembly
Thread 0x16c2ff000 may have been prematurely finalized
- Loaded All Assemblies, in  0.324 seconds
Refreshing native plugins compatible for Editor in 1.43 ms, found 5 plugins.
Native extension for Android target not found
Native extension for OSXStandalone target not found
Native extension for WebGL target not found
[Package Manager] Server::EnsureServerProcessIsRunning -- launch failed, reason: Unity was launched with the -noUpm command-line argument
[Package Manager] UpmClient::Send -- Unable to send message (not connected to UPM process).
[Package Manager] Cannot connect to Unity Package Manager local server
Mono: successfully reloaded assembly
- Finished resetting the current domain, in  0.771 seconds
Domain Reload Profiling: 1095ms
	BeginReloadAssembly (132ms)
		ExecutionOrderSort (0ms)
		DisableScriptedObjects (3ms)
		BackupInstance (0ms)
		ReleaseScriptingObjects (0ms)
		CreateAndSetChildDomain (45ms)
	RebuildCommonClasses (22ms)
	RebuildNativeTypeToScriptingClass (8ms)
	initialDomainReloadingComplete (18ms)
	LoadAllAssembliesAndSetupDomain (144ms)
		LoadAssemblies (181ms)
		RebuildTransferFunctionScriptingTraits (0ms)
		AnalyzeDomain (18ms)
			TypeCache.Refresh (6ms)
				TypeCache.ScanAssembly (0ms)
			ScanForSourceGeneratedMonoScriptInfo (0ms)
			ResolveRequiredComponents (10ms)
	FinalizeReload (771ms)
		ReleaseScriptCaches (0ms)
		RebuildScriptCaches (0ms)
		SetupLoadedEditorAssemblies (239ms)
			LogAssemblyErrors (0ms)
			InitializePlatformSupportModulesInManaged (14ms)
			SetLoadedEditorAssemblies (4ms)
			RefreshPlugins (0ms)
			BeforeProcessingInitializeOnLoad (45ms)
			ProcessInitializeOnLoadAttributes (165ms)
			ProcessInitializeOnLoadMethodAttributes (11ms)
			AfterProcessingInitializeOnLoad (1ms)
			EditorAssembliesLoaded (0ms)
		ExecutionOrderSort2 (0ms)
		AwakeInstancesAfterBackupRestoration (2ms)
Shader 'Oculus/OVRMRCameraFrameLit': fallback shader 'Alpha-Diffuse' not found
Refreshing native plugins compatible for Editor in 2.34 ms, found 5 plugins.
Preloading 1 native plugins for Editor in 0.42 ms.
Unloading 4777 Unused Serialized files (Serialized files now loaded: 0)
Unloading 54 unused Assets / (209.1 KB). Loaded Objects now: 5373.
Memory consumption went from 206.9 MB to 206.7 MB.
Total: 2.941958 ms (FindLiveObjects: 0.191459 ms CreateObjectMapping: 0.124125 ms MarkObjects: 2.472541 ms  DeleteObjects: 0.152875 ms)

Prepare: number of updated asset objects reloaded= 0
AssetImportParameters requested are different than current active one (requested -> active):
  custom:container-demuxer-ogg: 62fdf1f143b41e24485cea50d1cbac27 -> 
  custom:video-decoder-ogg-theora: a1e56fd34408186e4bbccfd4996cb3dc -> 
  custom:CustomObjectIndexerAttribute: 6d391050e5a25f67b0a2c618074f2cd9 -> 
  custom:container-demuxer-webm: 4f35f7cbe854078d1ac9338744f61a02 -> 
  custom:container-muxer-webm: aa71ff27fc2769a1b78a27578f13a17b -> 
  custom:video-decoder-webm-vp8: 9c59270c3fd7afecdb556c50c9e8de78 -> 
  custom:SearchIndexIgnoredProperties: e643bd26f0fe6173181afceb89e7c659 -> 
  custom:AudioImporter_EditorPlatform: 3918e3fc78b5a79bad01e8451be0beb8 -> 
  custom:framework-osx-AVFoundation: e770b220cccbd017edd2c1fefb359320 -> 
  custom:video-encoder-webm-vp8: eb34c28f22e8b96e1ab97ce403110664 -> 
  custom:audio-decoder-ogg-vorbis: bf7c407c2cedff20999df2af8eb42d56 -> 
  custom:audio-encoder-webm-vorbis: bf7c407c2cedff20999df2af8eb42d56 -> 
========================================================================
Received Prepare
Begin MonoManager ReloadAssembly
Thread 0x16c2ff000 may have been prematurely finalized
- Loaded All Assemblies, in  0.267 seconds
Refreshing native plugins compatible for Editor in 1.34 ms, found 5 plugins.
Native extension for Android target not found
Native extension for OSXStandalone target not found
Native extension for WebGL target not found
[Package Manager] Server::EnsureServerProcessIsRunning -- launch failed, reason: Unity was launched with the -noUpm command-line argument
[Package Manager] UpmClient::Send -- Unable to send message (not connected to UPM process).
[Package Manager] Cannot connect to Unity Package Manager local server
Mono: successfully reloaded assembly
- Finished resetting the current domain, in  0.720 seconds
Domain Reload Profiling: 988ms
	BeginReloadAssembly (81ms)
		ExecutionOrderSort (0ms)
		DisableScriptedObjects (2ms)
		BackupInstance (0ms)
		ReleaseScriptingObjects (0ms)
		CreateAndSetChildDomain (29ms)
	RebuildCommonClasses (20ms)
	RebuildNativeTypeToScriptingClass (7ms)
	initialDomainReloadingComplete (12ms)
	LoadAllAssembliesAndSetupDomain (148ms)
		LoadAssemblies (158ms)
		RebuildTransferFunctionScriptingTraits (0ms)
		AnalyzeDomain (17ms)
			TypeCache.Refresh (6ms)
				TypeCache.ScanAssembly (0ms)
			ScanForSourceGeneratedMonoScriptInfo (0ms)
			ResolveRequiredComponents (11ms)
	FinalizeReload (721ms)
		ReleaseScriptCaches (0ms)
		RebuildScriptCaches (0ms)
		SetupLoadedEditorAssemblies (240ms)
			LogAssemblyErrors (0ms)
			InitializePlatformSupportModulesInManaged (14ms)
			SetLoadedEditorAssemblies (4ms)
			RefreshPlugins (0ms)
			BeforeProcessingInitializeOnLoad (46ms)
			ProcessInitializeOnLoadAttributes (165ms)
			ProcessInitializeOnLoadMethodAttributes (11ms)
			AfterProcessingInitializeOnLoad (1ms)
			EditorAssembliesLoaded (0ms)
		ExecutionOrderSort2 (0ms)
		AwakeInstancesAfterBackupRestoration (2ms)
Shader 'Oculus/OVRMRCameraFrameLit': fallback shader 'Alpha-Diffuse' not found
Refreshing native plugins compatible for Editor in 2.33 ms, found 5 plugins.
Preloading 1 native plugins for Editor in 0.41 ms.
Unloading 4777 Unused Serialized files (Serialized files now loaded: 0)
Unloading 54 unused Assets / (225.2 KB). Loaded Objects now: 5376.
Memory consumption went from 213.2 MB to 213.0 MB.
Total: 2.669042 ms (FindLiveObjects: 0.170000 ms CreateObjectMapping: 0.076416 ms MarkObjects: 2.273334 ms  DeleteObjects: 0.148834 ms)

Prepare: number of updated asset objects reloaded= 0
AssetImportParameters requested are different than current active one (requested -> active):
  custom:container-demuxer-ogg: 62fdf1f143b41e24485cea50d1cbac27 -> 
  custom:video-decoder-ogg-theora: a1e56fd34408186e4bbccfd4996cb3dc -> 
  custom:CustomObjectIndexerAttribute: 6d391050e5a25f67b0a2c618074f2cd9 -> 
  custom:container-demuxer-webm: 4f35f7cbe854078d1ac9338744f61a02 -> 
  custom:container-muxer-webm: aa71ff27fc2769a1b78a27578f13a17b -> 
  custom:video-decoder-webm-vp8: 9c59270c3fd7afecdb556c50c9e8de78 -> 
  custom:SearchIndexIgnoredProperties: e643bd26f0fe6173181afceb89e7c659 -> 
  custom:AudioImporter_EditorPlatform: 3918e3fc78b5a79bad01e8451be0beb8 -> 
  custom:framework-osx-AVFoundation: e770b220cccbd017edd2c1fefb359320 -> 
  custom:video-encoder-webm-vp8: eb34c28f22e8b96e1ab97ce403110664 -> 
  custom:audio-decoder-ogg-vorbis: bf7c407c2cedff20999df2af8eb42d56 -> 
  custom:audio-encoder-webm-vorbis: bf7c407c2cedff20999df2af8eb42d56 -> 
========================================================================
Received Prepare
Begin MonoManager ReloadAssembly
Thread 0x16c2ff000 may have been prematurely finalized
- Loaded All Assemblies, in  0.318 seconds
Refreshing native plugins compatible for Editor in 1.83 ms, found 5 plugins.
Native extension for Android target not found
Native extension for OSXStandalone target not found
Native extension for WebGL target not found
[Package Manager] Server::EnsureServerProcessIsRunning -- launch failed, reason: Unity was launched with the -noUpm command-line argument
[Package Manager] UpmClient::Send -- Unable to send message (not connected to UPM process).
[Package Manager] Cannot connect to Unity Package Manager local server
Mono: successfully reloaded assembly
- Finished resetting the current domain, in  0.715 seconds
Domain Reload Profiling: 1033ms
	BeginReloadAssembly (92ms)
		ExecutionOrderSort (0ms)
		DisableScriptedObjects (3ms)
		BackupInstance (0ms)
		ReleaseScriptingObjects (0ms)
		CreateAndSetChildDomain (36ms)
	RebuildCommonClasses (20ms)
	RebuildNativeTypeToScriptingClass (7ms)
	initialDomainReloadingComplete (12ms)
	LoadAllAssembliesAndSetupDomain (186ms)
		LoadAssemblies (186ms)
		RebuildTransferFunctionScriptingTraits (0ms)
		AnalyzeDomain (32ms)
			TypeCache.Refresh (21ms)
				TypeCache.ScanAssembly (0ms)
			ScanForSourceGeneratedMonoScriptInfo (0ms)
			ResolveRequiredComponents (10ms)
	FinalizeReload (715ms)
		ReleaseScriptCaches (0ms)
		RebuildScriptCaches (0ms)
		SetupLoadedEditorAssemblies (232ms)
			LogAssemblyErrors (0ms)
			InitializePlatformSupportModulesInManaged (13ms)
			SetLoadedEditorAssemblies (4ms)
			RefreshPlugins (0ms)
			BeforeProcessingInitializeOnLoad (42ms)
			ProcessInitializeOnLoadAttributes (162ms)
			ProcessInitializeOnLoadMethodAttributes (11ms)
			AfterProcessingInitializeOnLoad (1ms)
			EditorAssembliesLoaded (0ms)
		ExecutionOrderSort2 (0ms)
		AwakeInstancesAfterBackupRestoration (2ms)
Shader 'Oculus/OVRMRCameraFrameLit': fallback shader 'Alpha-Diffuse' not found
Refreshing native plugins compatible for Editor in 2.65 ms, found 5 plugins.
Preloading 1 native plugins for Editor in 0.39 ms.
Unloading 4777 Unused Serialized files (Serialized files now loaded: 0)
Unloading 54 unused Assets / (225.1 KB). Loaded Objects now: 5379.
Memory consumption went from 219.6 MB to 219.4 MB.
Total: 2.857958 ms (FindLiveObjects: 0.220125 ms CreateObjectMapping: 0.078708 ms MarkObjects: 2.399000 ms  DeleteObjects: 0.159375 ms)

Prepare: number of updated asset objects reloaded= 0
AssetImportParameters requested are different than current active one (requested -> active):
  custom:container-demuxer-ogg: 62fdf1f143b41e24485cea50d1cbac27 -> 
  custom:video-decoder-ogg-theora: a1e56fd34408186e4bbccfd4996cb3dc -> 
  custom:CustomObjectIndexerAttribute: 6d391050e5a25f67b0a2c618074f2cd9 -> 
  custom:container-demuxer-webm: 4f35f7cbe854078d1ac9338744f61a02 -> 
  custom:container-muxer-webm: aa71ff27fc2769a1b78a27578f13a17b -> 
  custom:video-decoder-webm-vp8: 9c59270c3fd7afecdb556c50c9e8de78 -> 
  custom:SearchIndexIgnoredProperties: e643bd26f0fe6173181afceb89e7c659 -> 
  custom:AudioImporter_EditorPlatform: 3918e3fc78b5a79bad01e8451be0beb8 -> 
  custom:framework-osx-AVFoundation: e770b220cccbd017edd2c1fefb359320 -> 
  custom:video-encoder-webm-vp8: eb34c28f22e8b96e1ab97ce403110664 -> 
  custom:audio-decoder-ogg-vorbis: bf7c407c2cedff20999df2af8eb42d56 -> 
  custom:audio-encoder-webm-vorbis: bf7c407c2cedff20999df2af8eb42d56 -> 
